21-May-2021 13:04:45.988 INFO [main] org.apache.catalina.startup.VersionLoggerListener.log Server version name:   Apache Tomcat/10.0.6
21-May-2021 13:04:45.998 INFO [main] org.apache.catalina.startup.VersionLoggerListener.log Server built:          May 8 2021 15:24:15 UTC
21-May-2021 13:04:45.998 INFO [main] org.apache.catalina.startup.VersionLoggerListener.log Server version number: 10.0.6.0
21-May-2021 13:04:45.999 INFO [main] org.apache.catalina.startup.VersionLoggerListener.log OS Name:               Linux
21-May-2021 13:04:45.999 INFO [main] org.apache.catalina.startup.VersionLoggerListener.log OS Version:            5.10.25-linuxkit
21-May-2021 13:04:45.999 INFO [main] org.apache.catalina.startup.VersionLoggerListener.log Architecture:          amd64
21-May-2021 13:04:45.999 INFO [main] org.apache.catalina.startup.VersionLoggerListener.log Java Home:             /usr/local/openjdk-16
21-May-2021 13:04:46.000 INFO [main] org.apache.catalina.startup.VersionLoggerListener.log JVM Version:           16.0.1+9-24
21-May-2021 13:04:46.000 INFO [main] org.apache.catalina.startup.VersionLoggerListener.log JVM Vendor:            Oracle Corporation
21-May-2021 13:04:46.000 INFO [main] org.apache.catalina.startup.VersionLoggerListener.log CATALINA_BASE:         /usr/local/tomcat
21-May-2021 13:04:46.000 INFO [main] org.apache.catalina.startup.VersionLoggerListener.log CATALINA_HOME:         /usr/local/tomcat
21-May-2021 13:04:46.010 INFO [main] org.apache.catalina.startup.VersionLoggerListener.log Command line argument: --add-opens=java.base/java.lang=ALL-UNNAMED
21-May-2021 13:04:46.010 INFO [main] org.apache.catalina.startup.VersionLoggerListener.log Command line argument: --add-opens=java.base/java.io=ALL-UNNAMED
21-May-2021 13:04:46.012 INFO [main] org.apache.catalina.startup.VersionLoggerListener.log Command line argument: --add-opens=java.base/java.util=ALL-UNNAMED
21-May-2021 13:04:46.013 INFO [main] org.apache.catalina.startup.VersionLoggerListener.log Command line argument: --add-opens=java.base/java.util.concurrent=ALL-UNNAMED
21-May-2021 13:04:46.013 INFO [main] org.apache.catalina.startup.VersionLoggerListener.log Command line argument: --add-opens=java.rmi/sun.rmi.transport=ALL-UNNAMED
21-May-2021 13:04:46.013 INFO [main] org.apache.catalina.startup.VersionLoggerListener.log Command line argument: -Djava.util.logging.config.file=/usr/local/tomcat/conf/logging.properties
21-May-2021 13:04:46.013 INFO [main] org.apache.catalina.startup.VersionLoggerListener.log Command line argument: -Djava.util.logging.manager=org.apache.juli.ClassLoaderLogManager
21-May-2021 13:04:46.013 INFO [main] org.apache.catalina.startup.VersionLoggerListener.log Command line argument: -Djdk.tls.ephemeralDHKeySize=2048
21-May-2021 13:04:46.013 INFO [main] org.apache.catalina.startup.VersionLoggerListener.log Command line argument: -Djava.protocol.handler.pkgs=org.apache.catalina.webresources
21-May-2021 13:04:46.014 INFO [main] org.apache.catalina.startup.VersionLoggerListener.log Command line argument: -Dorg.apache.catalina.security.SecurityListener.UMASK=0027
21-May-2021 13:04:46.014 INFO [main] org.apache.catalina.startup.VersionLoggerListener.log Command line argument: -Dignore.endorsed.dirs=
21-May-2021 13:04:46.016 INFO [main] org.apache.catalina.startup.VersionLoggerListener.log Command line argument: -Dcatalina.base=/usr/local/tomcat
21-May-2021 13:04:46.016 INFO [main] org.apache.catalina.startup.VersionLoggerListener.log Command line argument: -Dcatalina.home=/usr/local/tomcat
21-May-2021 13:04:46.016 INFO [main] org.apache.catalina.startup.VersionLoggerListener.log Command line argument: -Djava.io.tmpdir=/usr/local/tomcat/temp
21-May-2021 13:04:46.020 INFO [main] org.apache.catalina.core.AprLifecycleListener.lifecycleEvent Loaded Apache Tomcat Native library [1.2.28] using APR version [1.6.5].
21-May-2021 13:04:46.020 INFO [main] org.apache.catalina.core.AprLifecycleListener.lifecycleEvent APR capabilities: IPv6 [true], sendfile [true], accept filters [false], random [true], UDS [true].
21-May-2021 13:04:46.025 INFO [main] org.apache.catalina.core.AprLifecycleListener.initializeSSL OpenSSL successfully initialized [OpenSSL 1.1.1d  10 Sep 2019]
21-May-2021 13:04:46.306 INFO [main] org.apache.coyote.AbstractProtocol.init Initializing ProtocolHandler ["http-nio-8080"]
21-May-2021 13:04:46.354 INFO [main] org.apache.catalina.startup.Catalina.load Server initialization in [529] milliseconds
21-May-2021 13:04:46.400 INFO [main] org.apache.catalina.core.StandardService.startInternal Starting service [Catalina]
21-May-2021 13:04:46.400 INFO [main] org.apache.catalina.core.StandardEngine.startInternal Starting Servlet engine: [Apache Tomcat/10.0.6]
21-May-2021 13:04:46.409 INFO [main] org.apache.coyote.AbstractProtocol.start Starting ProtocolHandler ["http-nio-8080"]
21-May-2021 13:04:46.421 INFO [main] org.apache.catalina.startup.Catalina.start Server startup in [67] milliseconds
21-May-2021 13:06:37.205 INFO [main] org.apache.catalina.startup.VersionLoggerListener.log Server version name:   Apache Tomcat/10.0.6
21-May-2021 13:06:37.218 INFO [main] org.apache.catalina.startup.VersionLoggerListener.log Server built:          May 8 2021 15:24:15 UTC
21-May-2021 13:06:37.219 INFO [main] org.apache.catalina.startup.VersionLoggerListener.log Server version number: 10.0.6.0
21-May-2021 13:06:37.219 INFO [main] org.apache.catalina.startup.VersionLoggerListener.log OS Name:               Linux
21-May-2021 13:06:37.219 INFO [main] org.apache.catalina.startup.VersionLoggerListener.log OS Version:            5.10.25-linuxkit
21-May-2021 13:06:37.219 INFO [main] org.apache.catalina.startup.VersionLoggerListener.log Architecture:          amd64
21-May-2021 13:06:37.219 INFO [main] org.apache.catalina.startup.VersionLoggerListener.log Java Home:             /usr/local/openjdk-16
21-May-2021 13:06:37.219 INFO [main] org.apache.catalina.startup.VersionLoggerListener.log JVM Version:           16.0.1+9-24
21-May-2021 13:06:37.219 INFO [main] org.apache.catalina.startup.VersionLoggerListener.log JVM Vendor:            Oracle Corporation
21-May-2021 13:06:37.219 INFO [main] org.apache.catalina.startup.VersionLoggerListener.log CATALINA_BASE:         /usr/local/tomcat
21-May-2021 13:06:37.219 INFO [main] org.apache.catalina.startup.VersionLoggerListener.log CATALINA_HOME:         /usr/local/tomcat
21-May-2021 13:06:37.223 INFO [main] org.apache.catalina.startup.VersionLoggerListener.log Command line argument: --add-opens=java.base/java.lang=ALL-UNNAMED
21-May-2021 13:06:37.223 INFO [main] org.apache.catalina.startup.VersionLoggerListener.log Command line argument: --add-opens=java.base/java.io=ALL-UNNAMED
21-May-2021 13:06:37.224 INFO [main] org.apache.catalina.startup.VersionLoggerListener.log Command line argument: --add-opens=java.base/java.util=ALL-UNNAMED
21-May-2021 13:06:37.224 INFO [main] org.apache.catalina.startup.VersionLoggerListener.log Command line argument: --add-opens=java.base/java.util.concurrent=ALL-UNNAMED
21-May-2021 13:06:37.224 INFO [main] org.apache.catalina.startup.VersionLoggerListener.log Command line argument: --add-opens=java.rmi/sun.rmi.transport=ALL-UNNAMED
21-May-2021 13:06:37.224 INFO [main] org.apache.catalina.startup.VersionLoggerListener.log Command line argument: -Djava.util.logging.config.file=/usr/local/tomcat/conf/logging.properties
21-May-2021 13:06:37.224 INFO [main] org.apache.catalina.startup.VersionLoggerListener.log Command line argument: -Djava.util.logging.manager=org.apache.juli.ClassLoaderLogManager
21-May-2021 13:06:37.224 INFO [main] org.apache.catalina.startup.VersionLoggerListener.log Command line argument: -Djdk.tls.ephemeralDHKeySize=2048
21-May-2021 13:06:37.224 INFO [main] org.apache.catalina.startup.VersionLoggerListener.log Command line argument: -Djava.protocol.handler.pkgs=org.apache.catalina.webresources
21-May-2021 13:06:37.224 INFO [main] org.apache.catalina.startup.VersionLoggerListener.log Command line argument: -Dorg.apache.catalina.security.SecurityListener.UMASK=0027
21-May-2021 13:06:37.224 INFO [main] org.apache.catalina.startup.VersionLoggerListener.log Command line argument: -Dignore.endorsed.dirs=
21-May-2021 13:06:37.224 INFO [main] org.apache.catalina.startup.VersionLoggerListener.log Command line argument: -Dcatalina.base=/usr/local/tomcat
21-May-2021 13:06:37.225 INFO [main] org.apache.catalina.startup.VersionLoggerListener.log Command line argument: -Dcatalina.home=/usr/local/tomcat
21-May-2021 13:06:37.225 INFO [main] org.apache.catalina.startup.VersionLoggerListener.log Command line argument: -Djava.io.tmpdir=/usr/local/tomcat/temp
21-May-2021 13:06:37.237 INFO [main] org.apache.catalina.core.AprLifecycleListener.lifecycleEvent The Apache Tomcat Native library which allows using OpenSSL was not found on the java.library.path: [/usr/local/tomcat/native-jni-lib:/usr/java/packages/lib:/usr/lib64:/lib64:/lib:/usr/lib]
21-May-2021 13:06:37.720 INFO [main] org.apache.coyote.AbstractProtocol.init Initializing ProtocolHandler ["http-nio-8080"]
21-May-2021 13:06:37.773 INFO [main] org.apache.catalina.startup.Catalina.load Server initialization in [1007] milliseconds
21-May-2021 13:06:37.867 INFO [main] org.apache.catalina.core.StandardService.startInternal Starting service [Catalina]
21-May-2021 13:06:37.868 INFO [main] org.apache.catalina.core.StandardEngine.startInternal Starting Servlet engine: [Apache Tomcat/10.0.6]
21-May-2021 13:06:37.901 INFO [main] org.apache.coyote.AbstractProtocol.start Starting ProtocolHandler ["http-nio-8080"]
21-May-2021 13:06:37.950 INFO [main] org.apache.catalina.startup.Catalina.start Server startup in [169] milliseconds
21-May-2021 13:21:28.598 INFO [Catalina-utility-1] org.apache.catalina.startup.HostConfig.deployWAR Deploying web application archive [/usr/local/tomcat/webapps/sample_app.war]
21-May-2021 13:21:29.355 INFO [Catalina-utility-1] org.apache.catalina.startup.HostConfig.deployWAR Deployment of web application archive [/usr/local/tomcat/webapps/sample_app.war] has finished in [751] ms
21-May-2021 13:25:59.710 INFO [Catalina-utility-1] org.apache.catalina.startup.HostConfig.undeploy Undeploying context [/sample_app]
21-May-2021 13:25:59.792 INFO [Catalina-utility-1] org.apache.catalina.startup.HostConfig.deployWAR Deploying web application archive [/usr/local/tomcat/webapps/sample_app.war]
21-May-2021 13:25:59.988 INFO [Catalina-utility-1] org.apache.catalina.startup.HostConfig.deployWAR Deployment of web application archive [/usr/local/tomcat/webapps/sample_app.war] has finished in [195] ms
21-May-2021 13:28:20.134 INFO [Catalina-utility-2] org.apache.catalina.startup.HostConfig.undeploy Undeploying context [/sample_app]
21-May-2021 13:28:20.219 INFO [Catalina-utility-2] org.apache.catalina.startup.HostConfig.deployWAR Deploying web application archive [/usr/local/tomcat/webapps/sample_app.war]
21-May-2021 13:28:20.392 INFO [Catalina-utility-2] org.apache.catalina.startup.HostConfig.deployWAR Deployment of web application archive [/usr/local/tomcat/webapps/sample_app.war] has finished in [173] ms
